<?xml version="1.0" encoding="UTF-8"?>
<!-- Generated by org.testng.reporters.JUnitXMLReporter -->
<testsuite hostname="LIN80016124" name="Cancel_Test" tests="3" failures="2" timestamp="25 Feb 2019 10:40:18 GMT" time="213.594" errors="0">
  <testcase name="xDSL_Cancel_New" time="82.424" classname="telia.testautomation.Cancel.Cancel_Scenario"/>
  <testcase name="xDSL_Cancel_Modify" time="61.897" classname="telia.testautomation.Cancel.Cancel_Scenario">
    <failure type="java.lang.AssertionError" message="Invalid property type [ AllAcount_Link ] defined in Repository">
      <![CDATA[java.lang.AssertionError: Invalid property type [ AllAcount_Link ] defined in Repository
	at coreFramework.CommonWebActions.getWebElement(CommonWebActions.java:498)
	at coreFramework.CommonWebActions$2.apply(CommonWebActions.java:667)
	at coreFramework.CommonWebActions$2.apply(CommonWebActions.java:1)
	at org.openqa.selenium.support.ui.FluentWait.until(FluentWait.java:249)
	at coreFramework.CommonWebActions.findElement(CommonWebActions.java:662)
	at coreFramework.CommonWebActions.waituntilElementToBeClickable(CommonWebActions.java:431)
	at applicationSpecific.App_CommonFunctions.SearchServiceAccount(App_CommonFunctions.java:26)
	at telia.testautomation.Cancel.Cancel_Scenario.xDSL_Cancel_Modify(Cancel_Scenario.java:218)
Caused by: org.openqa.selenium.NoSuchElementException: no such element: Unable to locate element: {"method":"xpath","selector":"//a[text()='All Accounts' and @rowid='2']"}
  (Session info: chrome=72.0.3626.109)
  (Driver info: chromedriver=2.45.615291 (ec3682e3c9061c10f26ea9e5cdcf3c53f3f74387),platform=Windows NT 10.0.16299 x86_64) (WARNING: The server did not provide any stacktrace information)
Command duration or timeout: 0 milliseconds
For documentation on this error, please visit: https://www.seleniumhq.org/exceptions/no_such_element.html
Build info: version: '3.141.59', revision: 'e82be7d358', time: '2018-11-14T08:17:03'
System info: host: 'LIN80016124', ip: '10.85.241.139', os.name: 'Windows 10', os.arch: 'x86', os.version: '10.0', java.version: '1.8.0_121'
Driver info: org.openqa.selenium.chrome.ChromeDriver
Capabilities {acceptInsecureCerts: false, acceptSslCerts: false, applicationCacheEnabled: false, browserConnectionEnabled: false, browserName: chrome, chrome: {chromedriverVersion: 2.45.615291 (ec3682e3c9061c..., userDataDir: C:\Users\surramac\AppData\L...}, cssSelectorsEnabled: true, databaseEnabled: false, goog:chromeOptions: {debuggerAddress: localhost:60148}, handlesAlerts: true, hasTouchScreen: false, javascriptEnabled: true, locationContextEnabled: true, mobileEmulationEnabled: false, nativeEvents: true, networkConnectionEnabled: false, pageLoadStrategy: normal, platform: XP, platformName: XP, proxy: Proxy(), rotatable: false, setWindowRect: true, strictFileInteractability: false, takesHeapSnapshot: true, takesScreenshot: true, timeouts: {implicit: 0, pageLoad: 300000, script: 30000}, unexpectedAlertBehaviour: ignore, unhandledPromptBehavior: ignore, version: 72.0.3626.109, webStorageEnabled: true}
Session ID: 97f67e0a6df536cea65a8dd662dfb2b1
*** Element info: {Using=xpath, value=//a[text()='All Accounts' and @rowid='2']}
	at org.openqa.selenium.remote.ErrorHandler.createThrowable(ErrorHandler.java:214)
	at org.openqa.selenium.remote.ErrorHandler.throwIfResponseFailed(ErrorHandler.java:166)
	at org.openqa.selenium.remote.http.JsonHttpResponseCodec.reconstructValue(JsonHttpResponseCodec.java:40)
	at org.openqa.selenium.remote.http.AbstractHttpResponseCodec.decode(AbstractHttpResponseCodec.java:80)
	at org.openqa.selenium.remote.http.AbstractHttpResponseCodec.decode(AbstractHttpResponseCodec.java:44)
	at org.openqa.selenium.remote.HttpCommandExecutor.execute(HttpCommandExecutor.java:158)
	at org.openqa.selenium.remote.service.DriverCommandExecutor.execute(DriverCommandExecutor.java:83)
	at org.openqa.selenium.remote.RemoteWebDriver.execute(RemoteWebDriver.java:552)
	at org.openqa.selenium.remote.RemoteWebDriver.findElement(RemoteWebDriver.java:323)
	at org.openqa.selenium.remote.RemoteWebDriver.findElementByXPath(RemoteWebDriver.java:428)
	at org.openqa.selenium.By$ByXPath.findElement(By.java:353)
	at org.openqa.selenium.remote.RemoteWebDriver.findElement(RemoteWebDriver.java:315)
	at coreFramework.CommonWebActions.getWebElement(CommonWebActions.java:475)
	... 32 more
... Removed 29 stack frames]]>
    </failure>
  </testcase> <!-- xDSL_Cancel_Modify -->
  <testcase name="xDSL_Cancel_Disconnect" time="60.681" classname="telia.testautomation.Cancel.Cancel_Scenario">
    <failure type="java.lang.AssertionError" message="Invalid property type [ Reason_Code ] defined in Repository">
      <![CDATA[java.lang.AssertionError: Invalid property type [ Reason_Code ] defined in Repository
	at coreFramework.CommonWebActions.getWebElement(CommonWebActions.java:498)
	at coreFramework.CommonWebActions$2.apply(CommonWebActions.java:667)
	at coreFramework.CommonWebActions$2.apply(CommonWebActions.java:1)
	at org.openqa.selenium.support.ui.FluentWait.until(FluentWait.java:249)
	at coreFramework.CommonWebActions.findElement(CommonWebActions.java:662)
	at coreFramework.CommonWebActions.EntertextThenPressTabAndSave(CommonWebActions.java:104)
	at telia.testautomation.Cancel.Cancel_Scenario.xDSL_Cancel_Disconnect(Cancel_Scenario.java:371)
Caused by: org.openqa.selenium.UnhandledAlertException: unexpected alert open: {Alert text : [1]Error running sub-process 'ISS Promotion Group Member Disconnect Process' at step 'Disconnect Member'.(SBL-BPR-00183)
[2]A request has already been made to disconnect.(SBL-ORD-00110)
}
  (Session info: chrome=72.0.3626.109)
  (Driver info: chromedriver=2.45.615291 (ec3682e3c9061c10f26ea9e5cdcf3c53f3f74387),platform=Windows NT 10.0.16299 x86_64) (WARNING: The server did not provide any stacktrace information)
Command duration or timeout: 0 milliseconds: null
Build info: version: '3.141.59', revision: 'e82be7d358', time: '2018-11-14T08:17:03'
System info: host: 'LIN80016124', ip: '10.85.241.139', os.name: 'Windows 10', os.arch: 'x86', os.version: '10.0', java.version: '1.8.0_121'
Driver info: org.openqa.selenium.chrome.ChromeDriver
Capabilities {acceptInsecureCerts: false, acceptSslCerts: false, applicationCacheEnabled: false, browserConnectionEnabled: false, browserName: chrome, chrome: {chromedriverVersion: 2.45.615291 (ec3682e3c9061c..., userDataDir: C:\Users\surramac\AppData\L...}, cssSelectorsEnabled: true, databaseEnabled: false, goog:chromeOptions: {debuggerAddress: localhost:60148}, handlesAlerts: true, hasTouchScreen: false, javascriptEnabled: true, locationContextEnabled: true, mobileEmulationEnabled: false, nativeEvents: true, networkConnectionEnabled: false, pageLoadStrategy: normal, platform: XP, platformName: XP, proxy: Proxy(), rotatable: false, setWindowRect: true, strictFileInteractability: false, takesHeapSnapshot: true, takesScreenshot: true, timeouts: {implicit: 0, pageLoad: 300000, script: 30000}, unexpectedAlertBehaviour: ignore, unhandledPromptBehavior: ignore, version: 72.0.3626.109, webStorageEnabled: true}
Session ID: 97f67e0a6df536cea65a8dd662dfb2b1
*** Element info: {Using=xpath, value=//*[@name='s_1_1_9_0']}
	at org.openqa.selenium.remote.ErrorHandler.createThrowable(ErrorHandler.java:214)
	at org.openqa.selenium.remote.ErrorHandler.throwIfResponseFailed(ErrorHandler.java:172)
	at org.openqa.selenium.remote.http.JsonHttpResponseCodec.reconstructValue(JsonHttpResponseCodec.java:40)
	at org.openqa.selenium.remote.http.AbstractHttpResponseCodec.decode(AbstractHttpResponseCodec.java:80)
	at org.openqa.selenium.remote.http.AbstractHttpResponseCodec.decode(AbstractHttpResponseCodec.java:44)
	at org.openqa.selenium.remote.HttpCommandExecutor.execute(HttpCommandExecutor.java:158)
	at org.openqa.selenium.remote.service.DriverCommandExecutor.execute(DriverCommandExecutor.java:83)
	at org.openqa.selenium.remote.RemoteWebDriver.execute(RemoteWebDriver.java:552)
	at org.openqa.selenium.remote.RemoteWebDriver.findElement(RemoteWebDriver.java:323)
	at org.openqa.selenium.remote.RemoteWebDriver.findElementByXPath(RemoteWebDriver.java:428)
	at org.openqa.selenium.By$ByXPath.findElement(By.java:353)
	at org.openqa.selenium.remote.RemoteWebDriver.findElement(RemoteWebDriver.java:315)
	at coreFramework.CommonWebActions.getWebElement(CommonWebActions.java:475)
	... 31 more
... Removed 29 stack frames]]>
    </failure>
  </testcase> <!-- xDSL_Cancel_Disconnect -->
</testsuite> <!-- Cancel_Test -->
