<?xml version="1.0" encoding="UTF-8"?>
<!-- Generated by org.testng.reporters.JUnitXMLReporter -->
<testsuite hostname="LIN80016124" name="Disconnect_package" tests="1" failures="1" timestamp="25 Feb 2019 10:41:51 GMT" time="92.143" errors="0">
  <testcase name="TC_007_XDSL_68_Handle_Disconnectreasons_for_xDSL_Disconnect_orders" time="86.459" classname="telia.testautomation.disconnectServices.Disconnect_Service">
    <failure type="java.lang.AssertionError" message="Invalid property type [ ReasonCode_Input ] defined in Repository">
      <![CDATA[java.lang.AssertionError: Invalid property type [ ReasonCode_Input ] defined in Repository
	at coreFramework.CommonWebActions.getWebElement(CommonWebActions.java:498)
	at coreFramework.CommonWebActions$2.apply(CommonWebActions.java:667)
	at coreFramework.CommonWebActions$2.apply(CommonWebActions.java:1)
	at org.openqa.selenium.support.ui.FluentWait.until(FluentWait.java:249)
	at coreFramework.CommonWebActions.findElement(CommonWebActions.java:662)
	at coreFramework.CommonWebActions.waituntilElementToBeClickable(CommonWebActions.java:431)
	at applicationSpecific.App_CommonFunctions.enterReasonCodeandSubmit(App_CommonFunctions.java:178)
	at telia.testautomation.disconnectServices.Disconnect_Service.TC_007_XDSL_68_Handle_Disconnectreasons_for_xDSL_Disconnect_orders(Disconnect_Service.java:653)
Caused by: org.openqa.selenium.NoSuchElementException: Cannot locate an element using xpath=//div[@class='NotSelected' and @id='a_1']/div/table/tbody/tr[20]/td[3]/div/input
For documentation on this error, please visit: https://www.seleniumhq.org/exceptions/no_such_element.html
Build info: version: '3.141.59', revision: 'e82be7d358', time: '2018-11-14T08:17:03'
System info: host: 'LIN80016124', ip: '10.85.241.139', os.name: 'Windows 10', os.arch: 'x86', os.version: '10.0', java.version: '1.8.0_121'
Driver info: driver.version: RemoteWebDriver
	at org.openqa.selenium.remote.RemoteWebDriver.findElement(RemoteWebDriver.java:327)
	at org.openqa.selenium.remote.RemoteWebDriver.findElementByXPath(RemoteWebDriver.java:428)
	at org.openqa.selenium.By$ByXPath.findElement(By.java:353)
	at org.openqa.selenium.remote.RemoteWebDriver.findElement(RemoteWebDriver.java:315)
	at coreFramework.CommonWebActions.getWebElement(CommonWebActions.java:475)
	... 32 more
... Removed 25 stack frames]]>
    </failure>
  </testcase> <!-- TC_007_XDSL_68_Handle_Disconnectreasons_for_xDSL_Disconnect_orders -->
</testsuite> <!-- Disconnect_package -->
