<?xml version="1.0" encoding="UTF-8"?>
<!-- Generated by org.testng.reporters.JUnitReportReporter -->
<testsuite hostname="tr100testts01" name="telia.testautomation.disconnectServices.Sprint4_Disconnect_Service" tests="5" failures="1" timestamp="21 Mar 2019 18:57:25 GMT" time="847.801" errors="0">
  <testcase name="TC_005_MDU_Disconnect_Broadband_Upgraded_BULK" time="149.858" classname="telia.testautomation.disconnectServices.Sprint4_Disconnect_Service"/>
  <testcase name="TC_003_MDU_Disconnect_Broadband_and_IPTV_Upgraded_BULK" time="197.568" classname="telia.testautomation.disconnectServices.Sprint4_Disconnect_Service"/>
  <testcase name="TC_002_MDU_Disconnect_Broadband_and_IPTV_BULK" time="190.945" classname="telia.testautomation.disconnectServices.Sprint4_Disconnect_Service"/>
  <testcase name="TC_004_MDU_Disconnect_Broadband_and_IPTV_Upgraded" time="155.113" classname="telia.testautomation.disconnectServices.Sprint4_Disconnect_Service">
    <failure type="java.lang.AssertionError" message="Invalid property type [ Disconnect_DueDate_Input ] defined in Repository">
      <![CDATA[java.lang.AssertionError: Invalid property type [ Disconnect_DueDate_Input ] defined in Repository
	at coreFramework.CommonWebActions.getWebElement(CommonWebActions.java:556)
	at coreFramework.CommonWebActions$1.apply(CommonWebActions.java:721)
	at coreFramework.CommonWebActions$1.apply(CommonWebActions.java:716)
	at org.openqa.selenium.support.ui.FluentWait.until(FluentWait.java:249)
	at coreFramework.CommonWebActions.findElement(CommonWebActions.java:716)
	at coreFramework.CommonWebActions.webSetTab(CommonWebActions.java:87)
	at applicationSpecific.App_CommonFunctions.enterDueDateAndVerifyActionCodeStatus(App_CommonFunctions.java:377)
	at telia.testautomation.disconnectServices.Sprint4_Disconnect_Service.TC_004_MDU_Disconnect_Broadband_and_IPTV_Upgraded(Sprint4_Disconnect_Service.java:475)
	at sun.reflect.NativeMethodAccessorImpl.invoke0(Native Method)
	at sun.reflect.NativeMethodAccessorImpl.invoke(NativeMethodAccessorImpl.java:62)
	at sun.reflect.DelegatingMethodAccessorImpl.invoke(DelegatingMethodAccessorImpl.java:43)
	at java.lang.reflect.Method.invoke(Method.java:498)
	at org.testng.internal.MethodInvocationHelper.invokeMethod(MethodInvocationHelper.java:85)
	at org.testng.internal.Invoker.invokeMethod(Invoker.java:659)
	at org.testng.internal.Invoker.invokeTestMethod(Invoker.java:845)
	at org.testng.internal.Invoker.invokeTestMethods(Invoker.java:1153)
	at org.testng.internal.TestMethodWorker.invokeTestMethods(TestMethodWorker.java:125)
	at org.testng.internal.TestMethodWorker.run(TestMethodWorker.java:108)
	at org.testng.TestRunner.privateRun(TestRunner.java:771)
	at org.testng.TestRunner.run(TestRunner.java:621)
	at org.testng.SuiteRunner.runTest(SuiteRunner.java:357)
	at org.testng.SuiteRunner.runSequentially(SuiteRunner.java:352)
	at org.testng.SuiteRunner.privateRun(SuiteRunner.java:310)
	at org.testng.SuiteRunner.run(SuiteRunner.java:259)
	at org.testng.SuiteRunnerWorker.runSuite(SuiteRunnerWorker.java:52)
	at org.testng.SuiteRunnerWorker.run(SuiteRunnerWorker.java:86)
	at org.testng.TestNG.runSuitesSequentially(TestNG.java:1199)
	at org.testng.TestNG.runSuitesLocally(TestNG.java:1124)
	at org.testng.TestNG.run(TestNG.java:1032)
	at org.testng.remote.AbstractRemoteTestNG.run(AbstractRemoteTestNG.java:132)
	at org.testng.remote.RemoteTestNG.initAndRun(RemoteTestNG.java:230)
	at org.testng.remote.RemoteTestNG.main(RemoteTestNG.java:76)
Caused by: org.openqa.selenium.NoSuchElementException: no such element: Unable to locate element: {"method":"xpath","selector":"//input[@aria-label='Due Date']"}
  (Session info: chrome=72.0.3626.81)
  (Driver info: chromedriver=70.0.3538.97 (d035916fe243477005bc95fe2a5778b8f20b6ae1),platform=Windows NT 10.0.14393 x86_64) (WARNING: The server did not provide any stacktrace information)
Command duration or timeout: 0 milliseconds
For documentation on this error, please visit: https://www.seleniumhq.org/exceptions/no_such_element.html
Build info: version: '3.141.59', revision: 'e82be7d358', time: '2018-11-14T08:17:03'
System info: host: 'TR100TESTTS01', ip: '131.116.164.238', os.name: 'Windows NT (unknown)', os.arch: 'x86', os.version: '10.0', java.version: '1.8.0_121'
Driver info: org.openqa.selenium.chrome.ChromeDriver
Capabilities {acceptInsecureCerts: false, acceptSslCerts: false, applicationCacheEnabled: false, browserConnectionEnabled: false, browserName: chrome, chrome: {chromedriverVersion: 70.0.3538.97 (d035916fe2434..., userDataDir: C:\Users\MKG761\AppData\Loc...}, cssSelectorsEnabled: true, databaseEnabled: false, goog:chromeOptions: {debuggerAddress: localhost:50780}, handlesAlerts: true, hasTouchScreen: false, javascriptEnabled: true, locationContextEnabled: true, mobileEmulationEnabled: false, nativeEvents: true, networkConnectionEnabled: false, pageLoadStrategy: normal, platform: XP, platformName: XP, rotatable: false, setWindowRect: true, takesHeapSnapshot: true, takesScreenshot: true, unexpectedAlertBehaviour: , unhandledPromptBehavior: , version: 72.0.3626.81, webStorageEnabled: true}
Session ID: 0e32e590560bd1105908132308d5b999
*** Element info: {Using=xpath, value=//input[@aria-label='Due Date']}
	at sun.reflect.NativeConstructorAccessorImpl.newInstance0(Native Method)
	at sun.reflect.NativeConstructorAccessorImpl.newInstance(NativeConstructorAccessorImpl.java:62)
	at sun.reflect.DelegatingConstructorAccessorImpl.newInstance(DelegatingConstructorAccessorImpl.java:45)
	at java.lang.reflect.Constructor.newInstance(Constructor.java:423)
	at org.openqa.selenium.remote.ErrorHandler.createThrowable(ErrorHandler.java:214)
	at org.openqa.selenium.remote.ErrorHandler.throwIfResponseFailed(ErrorHandler.java:166)
	at org.openqa.selenium.remote.http.JsonHttpResponseCodec.reconstructValue(JsonHttpResponseCodec.java:40)
	at org.openqa.selenium.remote.http.AbstractHttpResponseCodec.decode(AbstractHttpResponseCodec.java:80)
	at org.openqa.selenium.remote.http.AbstractHttpResponseCodec.decode(AbstractHttpResponseCodec.java:44)
	at org.openqa.selenium.remote.HttpCommandExecutor.execute(HttpCommandExecutor.java:158)
	at org.openqa.selenium.remote.service.DriverCommandExecutor.execute(DriverCommandExecutor.java:83)
	at org.openqa.selenium.remote.RemoteWebDriver.execute(RemoteWebDriver.java:552)
	at org.openqa.selenium.remote.RemoteWebDriver.findElement(RemoteWebDriver.java:323)
	at org.openqa.selenium.remote.RemoteWebDriver.findElementByXPath(RemoteWebDriver.java:428)
	at org.openqa.selenium.By$ByXPath.findElement(By.java:353)
	at org.openqa.selenium.remote.RemoteWebDriver.findElement(RemoteWebDriver.java:315)
	at coreFramework.CommonWebActions.getWebElement(CommonWebActions.java:533)
	... 31 more
]]>
    </failure>
  </testcase> <!-- TC_004_MDU_Disconnect_Broadband_and_IPTV_Upgraded -->
  <testcase name="TC_001_MDU_Disconnect_Broadband_BULK" time="154.317" classname="telia.testautomation.disconnectServices.Sprint4_Disconnect_Service"/>
</testsuite> <!-- telia.testautomation.disconnectServices.Sprint4_Disconnect_Service -->
