<?xml version="1.0" encoding="UTF-8"?>
<!-- Generated by org.testng.reporters.JUnitXMLReporter -->
<testsuite hostname="tr100testts01" name="move" tests="2" failures="2" timestamp="13 Mar 2019 14:26:32 GMT" time="277.345" errors="0">
  <testcase name="XDSL_Move_BB_VoIP_IPTV_on_VDSL_Platform" time="57.191" classname="telia.testautomation.move.Sprint3_XDSL_MoveWithinPlatform">
    <failure type="java.lang.AssertionError" message="Invalid property type [ StreetName_Field ] defined in Repository">
      <![CDATA[java.lang.AssertionError: Invalid property type [ StreetName_Field ] defined in Repository
	at coreFramework.CommonWebActions.getWebElement(CommonWebActions.java:545)
	at coreFramework.CommonWebActions$1.apply(CommonWebActions.java:710)
	at coreFramework.CommonWebActions$1.apply(CommonWebActions.java:1)
	at org.openqa.selenium.support.ui.FluentWait.until(FluentWait.java:249)
	at coreFramework.CommonWebActions.findElement(CommonWebActions.java:705)
	at coreFramework.CommonWebActions.webSet(CommonWebActions.java:786)
	at telia.testautomation.move.Sprint3_XDSL_MoveWithinPlatform.XDSL_Move_BB_VoIP_IPTV_on_VDSL_Platform(Sprint3_XDSL_MoveWithinPlatform.java:98)
Caused by: org.openqa.selenium.UnhandledAlertException: unexpected alert open: {Alert text : "2019-03-132019-03-13 15:22:45": Can't convert formatted string to its internal representation.  Check if your data is in correct format.
}
  (Session info: chrome=72.0.3626.81)
  (Driver info: chromedriver=70.0.3538.97 (d035916fe243477005bc95fe2a5778b8f20b6ae1),platform=Windows NT 10.0.14393 x86_64) (WARNING: The server did not provide any stacktrace information)
Command duration or timeout: 0 milliseconds: null
Build info: version: '3.141.59', revision: 'e82be7d358', time: '2018-11-14T08:17:03'
System info: host: 'TR100TESTTS01', ip: '131.116.164.238', os.name: 'Windows NT (unknown)', os.arch: 'x86', os.version: '10.0', java.version: '1.8.0_121'
Driver info: org.openqa.selenium.chrome.ChromeDriver
Capabilities {acceptInsecureCerts: false, acceptSslCerts: false, applicationCacheEnabled: false, browserConnectionEnabled: false, browserName: chrome, chrome: {chromedriverVersion: 70.0.3538.97 (d035916fe2434..., userDataDir: C:\Users\MKG761\AppData\Loc...}, cssSelectorsEnabled: true, databaseEnabled: false, goog:chromeOptions: {debuggerAddress: localhost:64173}, handlesAlerts: true, hasTouchScreen: false, javascriptEnabled: true, locationContextEnabled: true, mobileEmulationEnabled: false, nativeEvents: true, networkConnectionEnabled: false, pageLoadStrategy: normal, platform: XP, platformName: XP, rotatable: false, setWindowRect: true, takesHeapSnapshot: true, takesScreenshot: true, unexpectedAlertBehaviour: , unhandledPromptBehavior: , version: 72.0.3626.81, webStorageEnabled: true}
Session ID: e439e8607774abb47417e32f49ad96a6
*** Element info: {Using=xpath, value=//*[@aria-label='Street Name']}
	at org.openqa.selenium.remote.ErrorHandler.createThrowable(ErrorHandler.java:214)
	at org.openqa.selenium.remote.ErrorHandler.throwIfResponseFailed(ErrorHandler.java:172)
	at org.openqa.selenium.remote.http.JsonHttpResponseCodec.reconstructValue(JsonHttpResponseCodec.java:40)
	at org.openqa.selenium.remote.http.AbstractHttpResponseCodec.decode(AbstractHttpResponseCodec.java:80)
	at org.openqa.selenium.remote.http.AbstractHttpResponseCodec.decode(AbstractHttpResponseCodec.java:44)
	at org.openqa.selenium.remote.HttpCommandExecutor.execute(HttpCommandExecutor.java:158)
	at org.openqa.selenium.remote.service.DriverCommandExecutor.execute(DriverCommandExecutor.java:83)
	at org.openqa.selenium.remote.RemoteWebDriver.execute(RemoteWebDriver.java:552)
	at org.openqa.selenium.remote.RemoteWebDriver.findElement(RemoteWebDriver.java:323)
	at org.openqa.selenium.remote.RemoteWebDriver.findElementByXPath(RemoteWebDriver.java:428)
	at org.openqa.selenium.By$ByXPath.findElement(By.java:353)
	at org.openqa.selenium.remote.RemoteWebDriver.findElement(RemoteWebDriver.java:315)
	at coreFramework.CommonWebActions.getWebElement(CommonWebActions.java:522)
	... 30 more
... Removed 28 stack frames]]>
    </failure>
  </testcase> <!-- XDSL_Move_BB_VoIP_IPTV_on_VDSL_Platform -->
  <testcase name="XDSL_Move_BB_VoIP_IPTV_with_ADSL_VDSL" time="212.307" classname="telia.testautomation.move.Sprint3_XDSL_MoveADSLtoVDSL">
    <failure type="java.lang.AssertionError" message="Invalid property type [ ChangeofNumber_DropDown ] defined in Repository">
      <![CDATA[java.lang.AssertionError: Invalid property type [ ChangeofNumber_DropDown ] defined in Repository
	at coreFramework.CommonWebActions.getWebElement(CommonWebActions.java:545)
	at coreFramework.CommonWebActions$1.apply(CommonWebActions.java:710)
	at coreFramework.CommonWebActions$1.apply(CommonWebActions.java:1)
	at org.openqa.selenium.support.ui.FluentWait.until(FluentWait.java:249)
	at coreFramework.CommonWebActions.findElement(CommonWebActions.java:705)
	at coreFramework.CommonWebActions.Selectvaluefromdropdown(CommonWebActions.java:1086)
	at telia.testautomation.move.Sprint3_XDSL_MoveADSLtoVDSL.XDSL_Move_BB_VoIP_IPTV_with_ADSL_VDSL(Sprint3_XDSL_MoveADSLtoVDSL.java:233)
Caused by: org.openqa.selenium.NoSuchElementException: no such element: Unable to locate element: {"method":"xpath","selector":"(//*[@class='siebui-ctrl-select '])[8]"}
  (Session info: chrome=72.0.3626.81)
  (Driver info: chromedriver=70.0.3538.97 (d035916fe243477005bc95fe2a5778b8f20b6ae1),platform=Windows NT 10.0.14393 x86_64) (WARNING: The server did not provide any stacktrace information)
Command duration or timeout: 0 milliseconds
For documentation on this error, please visit: https://www.seleniumhq.org/exceptions/no_such_element.html
Build info: version: '3.141.59', revision: 'e82be7d358', time: '2018-11-14T08:17:03'
System info: host: 'TR100TESTTS01', ip: '131.116.164.238', os.name: 'Windows NT (unknown)', os.arch: 'x86', os.version: '10.0', java.version: '1.8.0_121'
Driver info: org.openqa.selenium.chrome.ChromeDriver
Capabilities {acceptInsecureCerts: false, acceptSslCerts: false, applicationCacheEnabled: false, browserConnectionEnabled: false, browserName: chrome, chrome: {chromedriverVersion: 70.0.3538.97 (d035916fe2434..., userDataDir: C:\Users\MKG761\AppData\Loc...}, cssSelectorsEnabled: true, databaseEnabled: false, goog:chromeOptions: {debuggerAddress: localhost:64213}, handlesAlerts: true, hasTouchScreen: false, javascriptEnabled: true, locationContextEnabled: true, mobileEmulationEnabled: false, nativeEvents: true, networkConnectionEnabled: false, pageLoadStrategy: normal, platform: XP, platformName: XP, rotatable: false, setWindowRect: true, takesHeapSnapshot: true, takesScreenshot: true, unexpectedAlertBehaviour: , unhandledPromptBehavior: , version: 72.0.3626.81, webStorageEnabled: true}
Session ID: 683fabc963b06ee8caa55992ef2f0965
*** Element info: {Using=xpath, value=(//*[@class='siebui-ctrl-select '])[8]}
	at org.openqa.selenium.remote.ErrorHandler.createThrowable(ErrorHandler.java:214)
	at org.openqa.selenium.remote.ErrorHandler.throwIfResponseFailed(ErrorHandler.java:166)
	at org.openqa.selenium.remote.http.JsonHttpResponseCodec.reconstructValue(JsonHttpResponseCodec.java:40)
	at org.openqa.selenium.remote.http.AbstractHttpResponseCodec.decode(AbstractHttpResponseCodec.java:80)
	at org.openqa.selenium.remote.http.AbstractHttpResponseCodec.decode(AbstractHttpResponseCodec.java:44)
	at org.openqa.selenium.remote.HttpCommandExecutor.execute(HttpCommandExecutor.java:158)
	at org.openqa.selenium.remote.service.DriverCommandExecutor.execute(DriverCommandExecutor.java:83)
	at org.openqa.selenium.remote.RemoteWebDriver.execute(RemoteWebDriver.java:552)
	at org.openqa.selenium.remote.RemoteWebDriver.findElement(RemoteWebDriver.java:323)
	at org.openqa.selenium.remote.RemoteWebDriver.findElementByXPath(RemoteWebDriver.java:428)
	at org.openqa.selenium.By$ByXPath.findElement(By.java:353)
	at org.openqa.selenium.remote.RemoteWebDriver.findElement(RemoteWebDriver.java:315)
	at coreFramework.CommonWebActions.getWebElement(CommonWebActions.java:522)
	... 30 more
... Removed 28 stack frames]]>
    </failure>
  </testcase> <!-- XDSL_Move_BB_VoIP_IPTV_with_ADSL_VDSL -->
</testsuite> <!-- move -->
