<?xml version="1.0" encoding="UTF-8"?>
<!-- Generated by org.testng.reporters.JUnitXMLReporter -->
<testsuite hostname="LIN80016124" name="all-tests" tests="7" failures="7" timestamp="23 Feb 2019 06:46:43 GMT" time="80.26" errors="0">
  <testcase name="TC_001_xDSL_Disconnect_Broadband_Service" time="76.031" classname="telia.testautomation.disconnectServices.Disconnect_Service">
    <failure type="java.lang.AssertionError" message="Invalid property type [ ActionCodeStatus ] defined in Repository">
      <![CDATA[java.lang.AssertionError: Invalid property type [ ActionCodeStatus ] defined in Repository
	at coreFramework.CommonWebActions.getWebElement(CommonWebActions.java:456)
	at coreFramework.CommonWebActions$2.apply(CommonWebActions.java:623)
	at coreFramework.CommonWebActions$2.apply(CommonWebActions.java:1)
	at org.openqa.selenium.support.ui.FluentWait.until(FluentWait.java:249)
	at coreFramework.CommonWebActions.findElement(CommonWebActions.java:618)
	at coreFramework.CommonWebActions.webVerifyInnerText(CommonWebActions.java:721)
	at applicationSpecific.App_CommonFunctions.enterDueDateAndVerifyActionCodeStatus(App_CommonFunctions.java:99)
	at telia.testautomation.disconnectServices.Disconnect_Service.TC_001_xDSL_Disconnect_Broadband_Service(Disconnect_Service.java:95)
Caused by: org.openqa.selenium.NoSuchElementException: Cannot locate an element using xpath=//td[@id='1_s_3_l_Action_Code']
For documentation on this error, please visit: https://www.seleniumhq.org/exceptions/no_such_element.html
Build info: version: '3.141.59', revision: 'e82be7d358', time: '2018-11-14T08:17:03'
System info: host: 'LIN80016124', ip: '10.85.241.139', os.name: 'Windows 10', os.arch: 'x86', os.version: '10.0', java.version: '1.8.0_121'
Driver info: driver.version: RemoteWebDriver
	at org.openqa.selenium.remote.RemoteWebDriver.findElement(RemoteWebDriver.java:327)
	at org.openqa.selenium.remote.RemoteWebDriver.findElementByXPath(RemoteWebDriver.java:428)
	at org.openqa.selenium.By$ByXPath.findElement(By.java:353)
	at org.openqa.selenium.remote.RemoteWebDriver.findElement(RemoteWebDriver.java:315)
	at coreFramework.CommonWebActions.getWebElement(CommonWebActions.java:433)
	... 31 more
... Removed 24 stack frames]]>
    </failure>
  </testcase> <!-- TC_001_xDSL_Disconnect_Broadband_Service -->
  <testcase name="TC_002_xDSL_Disconnect_Broadband_and_VoIP_VDSL" time="0.04" classname="telia.testautomation.disconnectServices.Disconnect_Service">
    <failure type="java.lang.AssertionError" message="Invalid property type [ Home_Tab ] defined in Repository">
      <![CDATA[java.lang.AssertionError: Invalid property type [ Home_Tab ] defined in Repository
	at coreFramework.CommonWebActions.getWebElement(CommonWebActions.java:456)
	at coreFramework.CommonWebActions$2.apply(CommonWebActions.java:623)
	at coreFramework.CommonWebActions$2.apply(CommonWebActions.java:1)
	at org.openqa.selenium.support.ui.FluentWait.until(FluentWait.java:249)
	at coreFramework.CommonWebActions.findElement(CommonWebActions.java:618)
	at coreFramework.CommonWebActions.webClick(CommonWebActions.java:558)
	at telia.testautomation.disconnectServices.Disconnect_Service.TC_002_xDSL_Disconnect_Broadband_and_VoIP_VDSL(Disconnect_Service.java:127)
Caused by: org.openqa.selenium.UnhandledAlertException: unexpected alert open: {Alert text : [1]Error running sub-process 'ISS Promotion Group Member Disconnect Process' at step 'Disconnect Member'.(SBL-BPR-00183)
[2]A request has already been made to disconnect.(SBL-ORD-00110)
}
  (Session info: chrome=72.0.3626.96)
  (Driver info: chromedriver=2.45.615291 (ec3682e3c9061c10f26ea9e5cdcf3c53f3f74387),platform=Windows NT 10.0.16299 x86_64) (WARNING: The server did not provide any stacktrace information)
Command duration or timeout: 0 milliseconds: null
Build info: version: '3.141.59', revision: 'e82be7d358', time: '2018-11-14T08:17:03'
System info: host: 'LIN80016124', ip: '10.85.241.139', os.name: 'Windows 10', os.arch: 'x86', os.version: '10.0', java.version: '1.8.0_121'
Driver info: org.openqa.selenium.chrome.ChromeDriver
Capabilities {acceptInsecureCerts: false, acceptSslCerts: false, applicationCacheEnabled: false, browserConnectionEnabled: false, browserName: chrome, chrome: {chromedriverVersion: 2.45.615291 (ec3682e3c9061c..., userDataDir: C:\Users\surramac\AppData\L...}, cssSelectorsEnabled: true, databaseEnabled: false, goog:chromeOptions: {debuggerAddress: localhost:60357}, handlesAlerts: true, hasTouchScreen: false, javascriptEnabled: true, locationContextEnabled: true, mobileEmulationEnabled: false, nativeEvents: true, networkConnectionEnabled: false, pageLoadStrategy: normal, platform: XP, platformName: XP, proxy: Proxy(), rotatable: false, setWindowRect: true, strictFileInteractability: false, takesHeapSnapshot: true, takesScreenshot: true, timeouts: {implicit: 0, pageLoad: 300000, script: 30000}, unexpectedAlertBehaviour: ignore, unhandledPromptBehavior: ignore, version: 72.0.3626.96, webStorageEnabled: true}
Session ID: 664b461a7d35fdd54728c5e5e84ec1e9
*** Element info: {Using=xpath, value=(//*[contains(text(),'Home')])[1]}
	at org.openqa.selenium.remote.ErrorHandler.createThrowable(ErrorHandler.java:214)
	at org.openqa.selenium.remote.ErrorHandler.throwIfResponseFailed(ErrorHandler.java:172)
	at org.openqa.selenium.remote.http.JsonHttpResponseCodec.reconstructValue(JsonHttpResponseCodec.java:40)
	at org.openqa.selenium.remote.http.AbstractHttpResponseCodec.decode(AbstractHttpResponseCodec.java:80)
	at org.openqa.selenium.remote.http.AbstractHttpResponseCodec.decode(AbstractHttpResponseCodec.java:44)
	at org.openqa.selenium.remote.HttpCommandExecutor.execute(HttpCommandExecutor.java:158)
	at org.openqa.selenium.remote.service.DriverCommandExecutor.execute(DriverCommandExecutor.java:83)
	at org.openqa.selenium.remote.RemoteWebDriver.execute(RemoteWebDriver.java:552)
	at org.openqa.selenium.remote.RemoteWebDriver.findElement(RemoteWebDriver.java:323)
	at org.openqa.selenium.remote.RemoteWebDriver.findElementByXPath(RemoteWebDriver.java:428)
	at org.openqa.selenium.By$ByXPath.findElement(By.java:353)
	at org.openqa.selenium.remote.RemoteWebDriver.findElement(RemoteWebDriver.java:315)
	at coreFramework.CommonWebActions.getWebElement(CommonWebActions.java:433)
	... 30 more
... Removed 28 stack frames]]>
    </failure>
  </testcase> <!-- TC_002_xDSL_Disconnect_Broadband_and_VoIP_VDSL -->
  <testcase name="TC_003_xDSL_Disconnect_Broadband_VoIP_and_IPTV_ADSL" time="1.016" classname="telia.testautomation.disconnectServices.Disconnect_Service">
    <failure type="java.lang.AssertionError" message="Invalid property type [ Home_Tab ] defined in Repository">
      <![CDATA[java.lang.AssertionError: Invalid property type [ Home_Tab ] defined in Repository
	at coreFramework.CommonWebActions.getWebElement(CommonWebActions.java:456)
	at coreFramework.CommonWebActions$2.apply(CommonWebActions.java:623)
	at coreFramework.CommonWebActions$2.apply(CommonWebActions.java:1)
	at org.openqa.selenium.support.ui.FluentWait.until(FluentWait.java:249)
	at coreFramework.CommonWebActions.findElement(CommonWebActions.java:618)
	at coreFramework.CommonWebActions.webClick(CommonWebActions.java:558)
	at telia.testautomation.disconnectServices.Disconnect_Service.TC_003_xDSL_Disconnect_Broadband_VoIP_and_IPTV_ADSL(Disconnect_Service.java:191)
Caused by: org.openqa.selenium.UnhandledAlertException: unexpected alert open: {Alert text : [1]Error running sub-process 'ISS Promotion Group Member Disconnect Process' at step 'Disconnect Member'.(SBL-BPR-00183)
[2]A request has already been made to disconnect.(SBL-ORD-00110)
}
  (Session info: chrome=72.0.3626.96)
  (Driver info: chromedriver=2.45.615291 (ec3682e3c9061c10f26ea9e5cdcf3c53f3f74387),platform=Windows NT 10.0.16299 x86_64) (WARNING: The server did not provide any stacktrace information)
Command duration or timeout: 0 milliseconds: null
Build info: version: '3.141.59', revision: 'e82be7d358', time: '2018-11-14T08:17:03'
System info: host: 'LIN80016124', ip: '10.85.241.139', os.name: 'Windows 10', os.arch: 'x86', os.version: '10.0', java.version: '1.8.0_121'
Driver info: org.openqa.selenium.chrome.ChromeDriver
Capabilities {acceptInsecureCerts: false, acceptSslCerts: false, applicationCacheEnabled: false, browserConnectionEnabled: false, browserName: chrome, chrome: {chromedriverVersion: 2.45.615291 (ec3682e3c9061c..., userDataDir: C:\Users\surramac\AppData\L...}, cssSelectorsEnabled: true, databaseEnabled: false, goog:chromeOptions: {debuggerAddress: localhost:60357}, handlesAlerts: true, hasTouchScreen: false, javascriptEnabled: true, locationContextEnabled: true, mobileEmulationEnabled: false, nativeEvents: true, networkConnectionEnabled: false, pageLoadStrategy: normal, platform: XP, platformName: XP, proxy: Proxy(), rotatable: false, setWindowRect: true, strictFileInteractability: false, takesHeapSnapshot: true, takesScreenshot: true, timeouts: {implicit: 0, pageLoad: 300000, script: 30000}, unexpectedAlertBehaviour: ignore, unhandledPromptBehavior: ignore, version: 72.0.3626.96, webStorageEnabled: true}
Session ID: 664b461a7d35fdd54728c5e5e84ec1e9
*** Element info: {Using=xpath, value=(//*[contains(text(),'Home')])[1]}
	at org.openqa.selenium.remote.ErrorHandler.createThrowable(ErrorHandler.java:214)
	at org.openqa.selenium.remote.ErrorHandler.throwIfResponseFailed(ErrorHandler.java:172)
	at org.openqa.selenium.remote.http.JsonHttpResponseCodec.reconstructValue(JsonHttpResponseCodec.java:40)
	at org.openqa.selenium.remote.http.AbstractHttpResponseCodec.decode(AbstractHttpResponseCodec.java:80)
	at org.openqa.selenium.remote.http.AbstractHttpResponseCodec.decode(AbstractHttpResponseCodec.java:44)
	at org.openqa.selenium.remote.HttpCommandExecutor.execute(HttpCommandExecutor.java:158)
	at org.openqa.selenium.remote.service.DriverCommandExecutor.execute(DriverCommandExecutor.java:83)
	at org.openqa.selenium.remote.RemoteWebDriver.execute(RemoteWebDriver.java:552)
	at org.openqa.selenium.remote.RemoteWebDriver.findElement(RemoteWebDriver.java:323)
	at org.openqa.selenium.remote.RemoteWebDriver.findElementByXPath(RemoteWebDriver.java:428)
	at org.openqa.selenium.By$ByXPath.findElement(By.java:353)
	at org.openqa.selenium.remote.RemoteWebDriver.findElement(RemoteWebDriver.java:315)
	at coreFramework.CommonWebActions.getWebElement(CommonWebActions.java:433)
	... 30 more
... Removed 28 stack frames]]>
    </failure>
  </testcase> <!-- TC_003_xDSL_Disconnect_Broadband_VoIP_and_IPTV_ADSL -->
  <testcase name="TC_004_xDSL_Disconnect_Broadband_VoIP_and_IPTV_VDSL" time="1.027" classname="telia.testautomation.disconnectServices.Disconnect_Service">
    <failure type="java.lang.AssertionError" message="Invalid property type [ Home_Tab ] defined in Repository">
      <![CDATA[java.lang.AssertionError: Invalid property type [ Home_Tab ] defined in Repository
	at coreFramework.CommonWebActions.getWebElement(CommonWebActions.java:456)
	at coreFramework.CommonWebActions$2.apply(CommonWebActions.java:623)
	at coreFramework.CommonWebActions$2.apply(CommonWebActions.java:1)
	at org.openqa.selenium.support.ui.FluentWait.until(FluentWait.java:249)
	at coreFramework.CommonWebActions.findElement(CommonWebActions.java:618)
	at coreFramework.CommonWebActions.webClick(CommonWebActions.java:558)
	at telia.testautomation.disconnectServices.Disconnect_Service.TC_004_xDSL_Disconnect_Broadband_VoIP_and_IPTV_VDSL(Disconnect_Service.java:264)
Caused by: org.openqa.selenium.UnhandledAlertException: unexpected alert open: {Alert text : [1]Error running sub-process 'ISS Promotion Group Member Disconnect Process' at step 'Disconnect Member'.(SBL-BPR-00183)
[2]A request has already been made to disconnect.(SBL-ORD-00110)
}
  (Session info: chrome=72.0.3626.96)
  (Driver info: chromedriver=2.45.615291 (ec3682e3c9061c10f26ea9e5cdcf3c53f3f74387),platform=Windows NT 10.0.16299 x86_64) (WARNING: The server did not provide any stacktrace information)
Command duration or timeout: 0 milliseconds: null
Build info: version: '3.141.59', revision: 'e82be7d358', time: '2018-11-14T08:17:03'
System info: host: 'LIN80016124', ip: '10.85.241.139', os.name: 'Windows 10', os.arch: 'x86', os.version: '10.0', java.version: '1.8.0_121'
Driver info: org.openqa.selenium.chrome.ChromeDriver
Capabilities {acceptInsecureCerts: false, acceptSslCerts: false, applicationCacheEnabled: false, browserConnectionEnabled: false, browserName: chrome, chrome: {chromedriverVersion: 2.45.615291 (ec3682e3c9061c..., userDataDir: C:\Users\surramac\AppData\L...}, cssSelectorsEnabled: true, databaseEnabled: false, goog:chromeOptions: {debuggerAddress: localhost:60357}, handlesAlerts: true, hasTouchScreen: false, javascriptEnabled: true, locationContextEnabled: true, mobileEmulationEnabled: false, nativeEvents: true, networkConnectionEnabled: false, pageLoadStrategy: normal, platform: XP, platformName: XP, proxy: Proxy(), rotatable: false, setWindowRect: true, strictFileInteractability: false, takesHeapSnapshot: true, takesScreenshot: true, timeouts: {implicit: 0, pageLoad: 300000, script: 30000}, unexpectedAlertBehaviour: ignore, unhandledPromptBehavior: ignore, version: 72.0.3626.96, webStorageEnabled: true}
Session ID: 664b461a7d35fdd54728c5e5e84ec1e9
*** Element info: {Using=xpath, value=(//*[contains(text(),'Home')])[1]}
	at org.openqa.selenium.remote.ErrorHandler.createThrowable(ErrorHandler.java:214)
	at org.openqa.selenium.remote.ErrorHandler.throwIfResponseFailed(ErrorHandler.java:172)
	at org.openqa.selenium.remote.http.JsonHttpResponseCodec.reconstructValue(JsonHttpResponseCodec.java:40)
	at org.openqa.selenium.remote.http.AbstractHttpResponseCodec.decode(AbstractHttpResponseCodec.java:80)
	at org.openqa.selenium.remote.http.AbstractHttpResponseCodec.decode(AbstractHttpResponseCodec.java:44)
	at org.openqa.selenium.remote.HttpCommandExecutor.execute(HttpCommandExecutor.java:158)
	at org.openqa.selenium.remote.service.DriverCommandExecutor.execute(DriverCommandExecutor.java:83)
	at org.openqa.selenium.remote.RemoteWebDriver.execute(RemoteWebDriver.java:552)
	at org.openqa.selenium.remote.RemoteWebDriver.findElement(RemoteWebDriver.java:323)
	at org.openqa.selenium.remote.RemoteWebDriver.findElementByXPath(RemoteWebDriver.java:428)
	at org.openqa.selenium.By$ByXPath.findElement(By.java:353)
	at org.openqa.selenium.remote.RemoteWebDriver.findElement(RemoteWebDriver.java:315)
	at coreFramework.CommonWebActions.getWebElement(CommonWebActions.java:433)
	... 30 more
... Removed 28 stack frames]]>
    </failure>
  </testcase> <!-- TC_004_xDSL_Disconnect_Broadband_VoIP_and_IPTV_VDSL -->
  <testcase name="TC_005_xDSL_Disconnect_IPTV" time="1.028" classname="telia.testautomation.disconnectServices.Disconnect_Service">
    <failure type="java.lang.AssertionError" message="Invalid property type [ Home_Tab ] defined in Repository">
      <![CDATA[java.lang.AssertionError: Invalid property type [ Home_Tab ] defined in Repository
	at coreFramework.CommonWebActions.getWebElement(CommonWebActions.java:456)
	at coreFramework.CommonWebActions$2.apply(CommonWebActions.java:623)
	at coreFramework.CommonWebActions$2.apply(CommonWebActions.java:1)
	at org.openqa.selenium.support.ui.FluentWait.until(FluentWait.java:249)
	at coreFramework.CommonWebActions.findElement(CommonWebActions.java:618)
	at coreFramework.CommonWebActions.webClick(CommonWebActions.java:558)
	at telia.testautomation.disconnectServices.Disconnect_Service.TC_005_xDSL_Disconnect_IPTV(Disconnect_Service.java:338)
Caused by: org.openqa.selenium.UnhandledAlertException: unexpected alert open: {Alert text : [1]Error running sub-process 'ISS Promotion Group Member Disconnect Process' at step 'Disconnect Member'.(SBL-BPR-00183)
[2]A request has already been made to disconnect.(SBL-ORD-00110)
}
  (Session info: chrome=72.0.3626.96)
  (Driver info: chromedriver=2.45.615291 (ec3682e3c9061c10f26ea9e5cdcf3c53f3f74387),platform=Windows NT 10.0.16299 x86_64) (WARNING: The server did not provide any stacktrace information)
Command duration or timeout: 0 milliseconds: null
Build info: version: '3.141.59', revision: 'e82be7d358', time: '2018-11-14T08:17:03'
System info: host: 'LIN80016124', ip: '10.85.241.139', os.name: 'Windows 10', os.arch: 'x86', os.version: '10.0', java.version: '1.8.0_121'
Driver info: org.openqa.selenium.chrome.ChromeDriver
Capabilities {acceptInsecureCerts: false, acceptSslCerts: false, applicationCacheEnabled: false, browserConnectionEnabled: false, browserName: chrome, chrome: {chromedriverVersion: 2.45.615291 (ec3682e3c9061c..., userDataDir: C:\Users\surramac\AppData\L...}, cssSelectorsEnabled: true, databaseEnabled: false, goog:chromeOptions: {debuggerAddress: localhost:60357}, handlesAlerts: true, hasTouchScreen: false, javascriptEnabled: true, locationContextEnabled: true, mobileEmulationEnabled: false, nativeEvents: true, networkConnectionEnabled: false, pageLoadStrategy: normal, platform: XP, platformName: XP, proxy: Proxy(), rotatable: false, setWindowRect: true, strictFileInteractability: false, takesHeapSnapshot: true, takesScreenshot: true, timeouts: {implicit: 0, pageLoad: 300000, script: 30000}, unexpectedAlertBehaviour: ignore, unhandledPromptBehavior: ignore, version: 72.0.3626.96, webStorageEnabled: true}
Session ID: 664b461a7d35fdd54728c5e5e84ec1e9
*** Element info: {Using=xpath, value=(//*[contains(text(),'Home')])[1]}
	at org.openqa.selenium.remote.ErrorHandler.createThrowable(ErrorHandler.java:214)
	at org.openqa.selenium.remote.ErrorHandler.throwIfResponseFailed(ErrorHandler.java:172)
	at org.openqa.selenium.remote.http.JsonHttpResponseCodec.reconstructValue(JsonHttpResponseCodec.java:40)
	at org.openqa.selenium.remote.http.AbstractHttpResponseCodec.decode(AbstractHttpResponseCodec.java:80)
	at org.openqa.selenium.remote.http.AbstractHttpResponseCodec.decode(AbstractHttpResponseCodec.java:44)
	at org.openqa.selenium.remote.HttpCommandExecutor.execute(HttpCommandExecutor.java:158)
	at org.openqa.selenium.remote.service.DriverCommandExecutor.execute(DriverCommandExecutor.java:83)
	at org.openqa.selenium.remote.RemoteWebDriver.execute(RemoteWebDriver.java:552)
	at org.openqa.selenium.remote.RemoteWebDriver.findElement(RemoteWebDriver.java:323)
	at org.openqa.selenium.remote.RemoteWebDriver.findElementByXPath(RemoteWebDriver.java:428)
	at org.openqa.selenium.By$ByXPath.findElement(By.java:353)
	at org.openqa.selenium.remote.RemoteWebDriver.findElement(RemoteWebDriver.java:315)
	at coreFramework.CommonWebActions.getWebElement(CommonWebActions.java:433)
	... 30 more
... Removed 28 stack frames]]>
    </failure>
  </testcase> <!-- TC_005_xDSL_Disconnect_IPTV -->
  <testcase name="TC_006_xDSL_Disconnect_VoIP" time="1.034" classname="telia.testautomation.disconnectServices.Disconnect_Service">
    <failure type="java.lang.AssertionError" message="Invalid property type [ Home_Tab ] defined in Repository">
      <![CDATA[java.lang.AssertionError: Invalid property type [ Home_Tab ] defined in Repository
	at coreFramework.CommonWebActions.getWebElement(CommonWebActions.java:456)
	at coreFramework.CommonWebActions$2.apply(CommonWebActions.java:623)
	at coreFramework.CommonWebActions$2.apply(CommonWebActions.java:1)
	at org.openqa.selenium.support.ui.FluentWait.until(FluentWait.java:249)
	at coreFramework.CommonWebActions.findElement(CommonWebActions.java:618)
	at coreFramework.CommonWebActions.webClick(CommonWebActions.java:558)
	at telia.testautomation.disconnectServices.Disconnect_Service.TC_006_xDSL_Disconnect_VoIP(Disconnect_Service.java:395)
Caused by: org.openqa.selenium.UnhandledAlertException: unexpected alert open: {Alert text : [1]Error running sub-process 'ISS Promotion Group Member Disconnect Process' at step 'Disconnect Member'.(SBL-BPR-00183)
[2]A request has already been made to disconnect.(SBL-ORD-00110)
}
  (Session info: chrome=72.0.3626.96)
  (Driver info: chromedriver=2.45.615291 (ec3682e3c9061c10f26ea9e5cdcf3c53f3f74387),platform=Windows NT 10.0.16299 x86_64) (WARNING: The server did not provide any stacktrace information)
Command duration or timeout: 0 milliseconds: null
Build info: version: '3.141.59', revision: 'e82be7d358', time: '2018-11-14T08:17:03'
System info: host: 'LIN80016124', ip: '10.85.241.139', os.name: 'Windows 10', os.arch: 'x86', os.version: '10.0', java.version: '1.8.0_121'
Driver info: org.openqa.selenium.chrome.ChromeDriver
Capabilities {acceptInsecureCerts: false, acceptSslCerts: false, applicationCacheEnabled: false, browserConnectionEnabled: false, browserName: chrome, chrome: {chromedriverVersion: 2.45.615291 (ec3682e3c9061c..., userDataDir: C:\Users\surramac\AppData\L...}, cssSelectorsEnabled: true, databaseEnabled: false, goog:chromeOptions: {debuggerAddress: localhost:60357}, handlesAlerts: true, hasTouchScreen: false, javascriptEnabled: true, locationContextEnabled: true, mobileEmulationEnabled: false, nativeEvents: true, networkConnectionEnabled: false, pageLoadStrategy: normal, platform: XP, platformName: XP, proxy: Proxy(), rotatable: false, setWindowRect: true, strictFileInteractability: false, takesHeapSnapshot: true, takesScreenshot: true, timeouts: {implicit: 0, pageLoad: 300000, script: 30000}, unexpectedAlertBehaviour: ignore, unhandledPromptBehavior: ignore, version: 72.0.3626.96, webStorageEnabled: true}
Session ID: 664b461a7d35fdd54728c5e5e84ec1e9
*** Element info: {Using=xpath, value=(//*[contains(text(),'Home')])[1]}
	at org.openqa.selenium.remote.ErrorHandler.createThrowable(ErrorHandler.java:214)
	at org.openqa.selenium.remote.ErrorHandler.throwIfResponseFailed(ErrorHandler.java:172)
	at org.openqa.selenium.remote.http.JsonHttpResponseCodec.reconstructValue(JsonHttpResponseCodec.java:40)
	at org.openqa.selenium.remote.http.AbstractHttpResponseCodec.decode(AbstractHttpResponseCodec.java:80)
	at org.openqa.selenium.remote.http.AbstractHttpResponseCodec.decode(AbstractHttpResponseCodec.java:44)
	at org.openqa.selenium.remote.HttpCommandExecutor.execute(HttpCommandExecutor.java:158)
	at org.openqa.selenium.remote.service.DriverCommandExecutor.execute(DriverCommandExecutor.java:83)
	at org.openqa.selenium.remote.RemoteWebDriver.execute(RemoteWebDriver.java:552)
	at org.openqa.selenium.remote.RemoteWebDriver.findElement(RemoteWebDriver.java:323)
	at org.openqa.selenium.remote.RemoteWebDriver.findElementByXPath(RemoteWebDriver.java:428)
	at org.openqa.selenium.By$ByXPath.findElement(By.java:353)
	at org.openqa.selenium.remote.RemoteWebDriver.findElement(RemoteWebDriver.java:315)
	at coreFramework.CommonWebActions.getWebElement(CommonWebActions.java:433)
	... 30 more
... Removed 28 stack frames]]>
    </failure>
  </testcase> <!-- TC_006_xDSL_Disconnect_VoIP -->
  <testcase name="TC_007_XDSL_68_Handle_Disconnectreasons_for_xDSL_Disconnect_orders" time="0.023" classname="telia.testautomation.disconnectServices.Disconnect_Service">
    <failure type="java.lang.AssertionError" message="Invalid property type [ Home_Tab ] defined in Repository">
      <![CDATA[java.lang.AssertionError: Invalid property type [ Home_Tab ] defined in Repository
	at coreFramework.CommonWebActions.getWebElement(CommonWebActions.java:456)
	at coreFramework.CommonWebActions.divVisibility(CommonWebActions.java:1413)
	at telia.testautomation.disconnectServices.Disconnect_Service.TC_007_XDSL_68_Handle_Disconnectreasons_for_xDSL_Disconnect_orders(Disconnect_Service.java:452)
Caused by: org.openqa.selenium.UnhandledAlertException: unexpected alert open: {Alert text : [1]Error running sub-process 'ISS Promotion Group Member Disconnect Process' at step 'Disconnect Member'.(SBL-BPR-00183)
[2]A request has already been made to disconnect.(SBL-ORD-00110)
}
  (Session info: chrome=72.0.3626.96)
  (Driver info: chromedriver=2.45.615291 (ec3682e3c9061c10f26ea9e5cdcf3c53f3f74387),platform=Windows NT 10.0.16299 x86_64) (WARNING: The server did not provide any stacktrace information)
Command duration or timeout: 0 milliseconds: null
Build info: version: '3.141.59', revision: 'e82be7d358', time: '2018-11-14T08:17:03'
System info: host: 'LIN80016124', ip: '10.85.241.139', os.name: 'Windows 10', os.arch: 'x86', os.version: '10.0', java.version: '1.8.0_121'
Driver info: org.openqa.selenium.chrome.ChromeDriver
Capabilities {acceptInsecureCerts: false, acceptSslCerts: false, applicationCacheEnabled: false, browserConnectionEnabled: false, browserName: chrome, chrome: {chromedriverVersion: 2.45.615291 (ec3682e3c9061c..., userDataDir: C:\Users\surramac\AppData\L...}, cssSelectorsEnabled: true, databaseEnabled: false, goog:chromeOptions: {debuggerAddress: localhost:60357}, handlesAlerts: true, hasTouchScreen: false, javascriptEnabled: true, locationContextEnabled: true, mobileEmulationEnabled: false, nativeEvents: true, networkConnectionEnabled: false, pageLoadStrategy: normal, platform: XP, platformName: XP, proxy: Proxy(), rotatable: false, setWindowRect: true, strictFileInteractability: false, takesHeapSnapshot: true, takesScreenshot: true, timeouts: {implicit: 0, pageLoad: 300000, script: 30000}, unexpectedAlertBehaviour: ignore, unhandledPromptBehavior: ignore, version: 72.0.3626.96, webStorageEnabled: true}
Session ID: 664b461a7d35fdd54728c5e5e84ec1e9
*** Element info: {Using=xpath, value=(//*[contains(text(),'Home')])[1]}
	at org.openqa.selenium.remote.ErrorHandler.createThrowable(ErrorHandler.java:214)
	at org.openqa.selenium.remote.ErrorHandler.throwIfResponseFailed(ErrorHandler.java:172)
	at org.openqa.selenium.remote.http.JsonHttpResponseCodec.reconstructValue(JsonHttpResponseCodec.java:40)
	at org.openqa.selenium.remote.http.AbstractHttpResponseCodec.decode(AbstractHttpResponseCodec.java:80)
	at org.openqa.selenium.remote.http.AbstractHttpResponseCodec.decode(AbstractHttpResponseCodec.java:44)
	at org.openqa.selenium.remote.HttpCommandExecutor.execute(HttpCommandExecutor.java:158)
	at org.openqa.selenium.remote.service.DriverCommandExecutor.execute(DriverCommandExecutor.java:83)
	at org.openqa.selenium.remote.RemoteWebDriver.execute(RemoteWebDriver.java:552)
	at org.openqa.selenium.remote.RemoteWebDriver.findElement(RemoteWebDriver.java:323)
	at org.openqa.selenium.remote.RemoteWebDriver.findElementByXPath(RemoteWebDriver.java:428)
	at org.openqa.selenium.By$ByXPath.findElement(By.java:353)
	at org.openqa.selenium.remote.RemoteWebDriver.findElement(RemoteWebDriver.java:315)
	at coreFramework.CommonWebActions.getWebElement(CommonWebActions.java:433)
	... 26 more
... Removed 28 stack frames]]>
    </failure>
  </testcase> <!-- TC_007_XDSL_68_Handle_Disconnectreasons_for_xDSL_Disconnect_orders -->
</testsuite> <!-- all-tests -->
