<?xml version="1.0" encoding="UTF-8"?>
<testng-results skipped="0" failed="1" total="1" passed="0">
  <reporter-output>
  </reporter-output>
  <suite name="Default suite" duration-ms="96434" started-at="2019-04-04T09:54:14Z" finished-at="2019-04-04T09:55:50Z">
    <groups>
    </groups>
    <test name="Default test" duration-ms="96434" started-at="2019-04-04T09:54:14Z" finished-at="2019-04-04T09:55:50Z">
      <class name="telia.testautomation.disconnectServices.Sprint5_Disconnect_Service">
        <test-method status="PASS" signature="init()[pri:0, instance:telia.testautomation.disconnectServices.Sprint5_Disconnect_Service@87af79]" name="init" is-config="true" duration-ms="88" started-at="2019-04-04T15:24:14Z" finished-at="2019-04-04T15:24:14Z">
          <reporter-output>
          </reporter-output>
        </test-method> <!-- init -->
        <test-method status="PASS" signature="beforetest()[pri:0, instance:telia.testautomation.disconnectServices.Sprint5_Disconnect_Service@87af79]" name="beforetest" is-config="true" duration-ms="0" started-at="2019-04-04T15:24:14Z" finished-at="2019-04-04T15:24:14Z">
          <reporter-output>
          </reporter-output>
        </test-method> <!-- beforetest -->
        <test-method status="FAIL" signature="TC_001_SDU_Disconnect_Broadband_Service()[pri:0, instance:telia.testautomation.disconnectServices.Sprint5_Disconnect_Service@87af79]" name="TC_001_SDU_Disconnect_Broadband_Service" duration-ms="96419" started-at="2019-04-04T15:24:14Z" finished-at="2019-04-04T15:25:50Z">
          <exception class="java.lang.AssertionError">
            <message>
              <![CDATA[Invalid property type [ Disconnect_DueDate_Input ] defined in Repository]]>
            </message>
            <full-stacktrace>
              <![CDATA[java.lang.AssertionError: Invalid property type [ Disconnect_DueDate_Input ] defined in Repository
	at coreFramework.CommonWebActions.getWebElement(CommonWebActions.java:584)
	at coreFramework.CommonWebActions$1.apply(CommonWebActions.java:749)
	at coreFramework.CommonWebActions$1.apply(CommonWebActions.java:1)
	at org.openqa.selenium.support.ui.FluentWait.until(FluentWait.java:249)
	at coreFramework.CommonWebActions.findElement(CommonWebActions.java:744)
	at coreFramework.CommonWebActions.webSetTab(CommonWebActions.java:87)
	at applicationSpecific.App_CommonFunctions.enterDueDateAndVerifyActionCodeStatus(App_CommonFunctions.java:405)
	at telia.testautomation.disconnectServices.Sprint5_Disconnect_Service.TC_001_SDU_Disconnect_Broadband_Service(Sprint5_Disconnect_Service.java:127)
	at sun.reflect.NativeMethodAccessorImpl.invoke0(Native Method)
	at sun.reflect.NativeMethodAccessorImpl.invoke(Unknown Source)
	at sun.reflect.DelegatingMethodAccessorImpl.invoke(Unknown Source)
	at java.lang.reflect.Method.invoke(Unknown Source)
	at org.testng.internal.MethodInvocationHelper.invokeMethod(MethodInvocationHelper.java:85)
	at org.testng.internal.Invoker.invokeMethod(Invoker.java:659)
	at org.testng.internal.Invoker.invokeTestMethod(Invoker.java:845)
	at org.testng.internal.Invoker.invokeTestMethods(Invoker.java:1153)
	at org.testng.internal.TestMethodWorker.invokeTestMethods(TestMethodWorker.java:125)
	at org.testng.internal.TestMethodWorker.run(TestMethodWorker.java:108)
	at org.testng.TestRunner.privateRun(TestRunner.java:771)
	at org.testng.TestRunner.run(TestRunner.java:621)
	at org.testng.SuiteRunner.runTest(SuiteRunner.java:357)
	at org.testng.SuiteRunner.runSequentially(SuiteRunner.java:352)
	at org.testng.SuiteRunner.privateRun(SuiteRunner.java:310)
	at org.testng.SuiteRunner.run(SuiteRunner.java:259)
	at org.testng.SuiteRunnerWorker.runSuite(SuiteRunnerWorker.java:52)
	at org.testng.SuiteRunnerWorker.run(SuiteRunnerWorker.java:86)
	at org.testng.TestNG.runSuitesSequentially(TestNG.java:1199)
	at org.testng.TestNG.runSuitesLocally(TestNG.java:1124)
	at org.testng.TestNG.run(TestNG.java:1032)
	at org.testng.remote.AbstractRemoteTestNG.run(AbstractRemoteTestNG.java:132)
	at org.testng.remote.RemoteTestNG.initAndRun(RemoteTestNG.java:230)
	at org.testng.remote.RemoteTestNG.main(RemoteTestNG.java:76)
Caused by: org.openqa.selenium.NoSuchElementException: no such element: Unable to locate element: {"method":"xpath","selector":"//input[@aria-label='Due Date']"}
  (Session info: chrome=73.0.3683.86)
  (Driver info: chromedriver=70.0.3538.97 (d035916fe243477005bc95fe2a5778b8f20b6ae1),platform=Windows NT 10.0.17134 x86_64) (WARNING: The server did not provide any stacktrace information)
Command duration or timeout: 0 milliseconds
For documentation on this error, please visit: https://www.seleniumhq.org/exceptions/no_such_element.html
Build info: version: '3.141.59', revision: 'e82be7d358', time: '2018-11-14T08:17:03'
System info: host: 'DIN8001418', ip: '10.85.238.148', os.name: 'Windows 10', os.arch: 'x86', os.version: '10.0', java.version: '1.8.0_201'
Driver info: org.openqa.selenium.chrome.ChromeDriver
Capabilities {acceptInsecureCerts: false, acceptSslCerts: false, applicationCacheEnabled: false, browserConnectionEnabled: false, browserName: chrome, chrome: {chromedriverVersion: 70.0.3538.97 (d035916fe2434..., userDataDir: C:\Users\kaumanda\AppData\L...}, cssSelectorsEnabled: true, databaseEnabled: false, goog:chromeOptions: {debuggerAddress: localhost:51188}, handlesAlerts: true, hasTouchScreen: false, javascriptEnabled: true, locationContextEnabled: true, mobileEmulationEnabled: false, nativeEvents: true, networkConnectionEnabled: false, pageLoadStrategy: normal, platform: XP, platformName: XP, rotatable: false, setWindowRect: true, takesHeapSnapshot: true, takesScreenshot: true, unexpectedAlertBehaviour: , unhandledPromptBehavior: , version: 73.0.3683.86, webStorageEnabled: true}
Session ID: 5c0a4343f5702e310cdff7aa29791711
*** Element info: {Using=xpath, value=//input[@aria-label='Due Date']}
	at sun.reflect.NativeConstructorAccessorImpl.newInstance0(Native Method)
	at sun.reflect.NativeConstructorAccessorImpl.newInstance(Unknown Source)
	at sun.reflect.DelegatingConstructorAccessorImpl.newInstance(Unknown Source)
	at java.lang.reflect.Constructor.newInstance(Unknown Source)
	at org.openqa.selenium.remote.ErrorHandler.createThrowable(ErrorHandler.java:214)
	at org.openqa.selenium.remote.ErrorHandler.throwIfResponseFailed(ErrorHandler.java:166)
	at org.openqa.selenium.remote.http.JsonHttpResponseCodec.reconstructValue(JsonHttpResponseCodec.java:40)
	at org.openqa.selenium.remote.http.AbstractHttpResponseCodec.decode(AbstractHttpResponseCodec.java:80)
	at org.openqa.selenium.remote.http.AbstractHttpResponseCodec.decode(AbstractHttpResponseCodec.java:44)
	at org.openqa.selenium.remote.HttpCommandExecutor.execute(HttpCommandExecutor.java:158)
	at org.openqa.selenium.remote.service.DriverCommandExecutor.execute(DriverCommandExecutor.java:83)
	at org.openqa.selenium.remote.RemoteWebDriver.execute(RemoteWebDriver.java:552)
	at org.openqa.selenium.remote.RemoteWebDriver.findElement(RemoteWebDriver.java:323)
	at org.openqa.selenium.remote.RemoteWebDriver.findElementByXPath(RemoteWebDriver.java:428)
	at org.openqa.selenium.By$ByXPath.findElement(By.java:353)
	at org.openqa.selenium.remote.RemoteWebDriver.findElement(RemoteWebDriver.java:315)
	at coreFramework.CommonWebActions.getWebElement(CommonWebActions.java:561)
	... 31 more
]]>
            </full-stacktrace>
          </exception> <!-- java.lang.AssertionError -->
          <reporter-output>
          </reporter-output>
        </test-method> <!-- TC_001_SDU_Disconnect_Broadband_Service -->
        <test-method status="PASS" signature="logOut()[pri:0, instance:telia.testautomation.disconnectServices.Sprint5_Disconnect_Service@87af79]" name="logOut" is-config="true" duration-ms="0" started-at="2019-04-04T15:25:50Z" finished-at="2019-04-04T15:25:50Z">
          <reporter-output>
          </reporter-output>
        </test-method> <!-- logOut -->
        <test-method status="PASS" signature="tearDown()[pri:0, instance:telia.testautomation.disconnectServices.Sprint5_Disconnect_Service@87af79]" name="tearDown" is-config="true" duration-ms="297" started-at="2019-04-04T15:25:50Z" finished-at="2019-04-04T15:25:51Z">
          <reporter-output>
          </reporter-output>
        </test-method> <!-- tearDown -->
      </class> <!-- telia.testautomation.disconnectServices.Sprint5_Disconnect_Service -->
    </test> <!-- Default test -->
  </suite> <!-- Default suite -->
</testng-results>
